1561535534010	mozrunner::runner	INFO	Running command: "/usr/bin/firefox" "-marionette" "-foreground" "-no-remote" "-profile" "/tmp/rust_mozprofile.frc6QPLSOMwk"
1561535537809	addons.webextension.screenshots@mozilla.org	WARN	Loading extension 'screenshots@mozilla.org': Reading manifest: Invalid extension permission: mozillaAddons
1561535537809	addons.webextension.screenshots@mozilla.org	WARN	Loading extension 'screenshots@mozilla.org': Reading manifest: Invalid extension permission: resource://pdf.js/
1561535537810	addons.webextension.screenshots@mozilla.org	WARN	Loading extension 'screenshots@mozilla.org': Reading manifest: Invalid extension permission: about:reader*
1561535546977	Marionette	INFO	Listening on port 41248
1561535547120	Marionette	WARN	TLS certificate errors will be ignored for this session
[Parent 7474, Gecko_IOThread] WARNING: pipe error (80): 连接被对方重设: file /build/firefox-3BKoEb/firefox-67.0.1+build1/ipc/chromium/src/chrome/common/ipc_channel_posix.cc, line 357
[Parent 7474, Gecko_IOThread] WARNING: pipe error (95): 连接被对方重设: file /build/firefox-3BKoEb/firefox-67.0.1+build1/ipc/chromium/src/chrome/common/ipc_channel_posix.cc, line 357
1561535556843	Marionette	INFO	Stopped listening on port 41248
1561535564599	mozrunner::runner	INFO	Running command: "/usr/bin/firefox" "-marionette" "-foreground" "-no-remote" "-profile" "/tmp/rust_mozprofile.1X0WYEzENBq4"
1561535565161	addons.webextension.screenshots@mozilla.org	WARN	Loading extension 'screenshots@mozilla.org': Reading manifest: Invalid extension permission: mozillaAddons
1561535565162	addons.webextension.screenshots@mozilla.org	WARN	Loading extension 'screenshots@mozilla.org': Reading manifest: Invalid extension permission: resource://pdf.js/
1561535565162	addons.webextension.screenshots@mozilla.org	WARN	Loading extension 'screenshots@mozilla.org': Reading manifest: Invalid extension permission: about:reader*
1561535567979	Marionette	INFO	Listening on port 40783
1561535568827	Marionette	WARN	TLS certificate errors will be ignored for this session
1561535577627	Marionette	INFO	Stopped listening on port 40783
1561535697063	mozrunner::runner	INFO	Running command: "/usr/bin/firefox" "-marionette" "-foreground" "-no-remote" "-profile" "/tmp/rust_mozprofile.fOpGo9NLYNtS"
1561535697485	addons.webextension.screenshots@mozilla.org	WARN	Loading extension 'screenshots@mozilla.org': Reading manifest: Invalid extension permission: mozillaAddons
1561535697486	addons.webextension.screenshots@mozilla.org	WARN	Loading extension 'screenshots@mozilla.org': Reading manifest: Invalid extension permission: resource://pdf.js/
1561535697486	addons.webextension.screenshots@mozilla.org	WARN	Loading extension 'screenshots@mozilla.org': Reading manifest: Invalid extension permission: about:reader*
1561535699962	Marionette	INFO	Listening on port 41931
1561535699995	Marionette	WARN	TLS certificate errors will be ignored for this session
1561535700898	Marionette	INFO	Stopped listening on port 41931
[Parent 8076, Gecko_IOThread] WARNING: pipe error (71): 连接被对方重设: file /build/firefox-3BKoEb/firefox-67.0.1+build1/ipc/chromium/src/chrome/common/ipc_channel_posix.cc, line 357
1561536516613	mozrunner::runner	INFO	Running command: "/usr/bin/firefox" "-marionette" "-foreground" "-no-remote" "-profile" "/tmp/rust_mozprofile.tvpHOB1GVszQ"
1561536517212	addons.webextension.screenshots@mozilla.org	WARN	Loading extension 'screenshots@mozilla.org': Reading manifest: Invalid extension permission: mozillaAddons
1561536517212	addons.webextension.screenshots@mozilla.org	WARN	Loading extension 'screenshots@mozilla.org': Reading manifest: Invalid extension permission: resource://pdf.js/
1561536517213	addons.webextension.screenshots@mozilla.org	WARN	Loading extension 'screenshots@mozilla.org': Reading manifest: Invalid extension permission: about:reader*
1561536519706	Marionette	INFO	Listening on port 39536
1561536519740	Marionette	WARN	TLS certificate errors will be ignored for this session
JavaScript error: https://ss1.bdstatic.com/5eN1bjq8AAUYm2zgoY3K/r/www/cache/static/protocol/https/plugins/every_cookie_4644b13.js, line 4: ReferenceError: c is not defined
1561536539720	Marionette	INFO	Stopped listening on port 39536
1561536557803	mozrunner::runner	INFO	Running command: "/usr/bin/firefox" "-marionette" "-foreground" "-no-remote" "-profile" "/tmp/rust_mozprofile.2VBFyDes062v"
1561536558576	addons.webextension.screenshots@mozilla.org	WARN	Loading extension 'screenshots@mozilla.org': Reading manifest: Invalid extension permission: mozillaAddons
1561536558577	addons.webextension.screenshots@mozilla.org	WARN	Loading extension 'screenshots@mozilla.org': Reading manifest: Invalid extension permission: resource://pdf.js/
1561536558577	addons.webextension.screenshots@mozilla.org	WARN	Loading extension 'screenshots@mozilla.org': Reading manifest: Invalid extension permission: about:reader*
1561536560618	Marionette	INFO	Listening on port 46090
1561536560684	Marionette	WARN	TLS certificate errors will be ignored for this session
JavaScript error: resource://gre/modules/WebProgressChild.jsm, line 61: TypeError: this.mm.content is null
1561536565355	Marionette	INFO	Stopped listening on port 46090
1561536592489	mozrunner::runner	INFO	Running command: "/usr/bin/firefox" "-marionette" "-foreground" "-no-remote" "-profile" "/tmp/rust_mozprofile.TMx9z6fNu0Bm"
1561536592966	addons.webextension.screenshots@mozilla.org	WARN	Loading extension 'screenshots@mozilla.org': Reading manifest: Invalid extension permission: mozillaAddons
1561536592967	addons.webextension.screenshots@mozilla.org	WARN	Loading extension 'screenshots@mozilla.org': Reading manifest: Invalid extension permission: resource://pdf.js/
1561536592967	addons.webextension.screenshots@mozilla.org	WARN	Loading extension 'screenshots@mozilla.org': Reading manifest: Invalid extension permission: about:reader*
1561536595130	Marionette	INFO	Listening on port 35223
1561536595243	Marionette	WARN	TLS certificate errors will be ignored for this session
[Parent 8990, Gecko_IOThread] WARNING: pipe error (71): 连接被对方重设: file /build/firefox-3BKoEb/firefox-67.0.1+build1/ipc/chromium/src/chrome/common/ipc_channel_posix.cc, line 357
1561536604001	Marionette	INFO	Stopped listening on port 35223
1561538953192	mozrunner::runner	INFO	Running command: "/usr/bin/firefox" "-marionette" "-foreground" "-no-remote" "-profile" "/tmp/rust_mozprofile.wjsbWKxAZg1a"
1561538953640	addons.webextension.screenshots@mozilla.org	WARN	Loading extension 'screenshots@mozilla.org': Reading manifest: Invalid extension permission: mozillaAddons
1561538953641	addons.webextension.screenshots@mozilla.org	WARN	Loading extension 'screenshots@mozilla.org': Reading manifest: Invalid extension permission: resource://pdf.js/
1561538953641	addons.webextension.screenshots@mozilla.org	WARN	Loading extension 'screenshots@mozilla.org': Reading manifest: Invalid extension permission: about:reader*
1561538955645	Marionette	INFO	Listening on port 37903
1561538955723	Marionette	WARN	TLS certificate errors will be ignored for this session
1561538989143	mozrunner::runner	INFO	Running command: "/usr/bin/firefox" "-marionette" "-foreground" "-no-remote" "-profile" "/tmp/rust_mozprofile.NeXw7FYf7mFT"
1561538989593	addons.webextension.screenshots@mozilla.org	WARN	Loading extension 'screenshots@mozilla.org': Reading manifest: Invalid extension permission: mozillaAddons
1561538989593	addons.webextension.screenshots@mozilla.org	WARN	Loading extension 'screenshots@mozilla.org': Reading manifest: Invalid extension permission: resource://pdf.js/
1561538989594	addons.webextension.screenshots@mozilla.org	WARN	Loading extension 'screenshots@mozilla.org': Reading manifest: Invalid extension permission: about:reader*
1561538994881	Marionette	INFO	Listening on port 39011
1561538994965	Marionette	WARN	TLS certificate errors will be ignored for this session
1561539001059	Marionette	INFO	Stopped listening on port 39011
console.error: BroadcastService: 
  receivedBroadcastMessage: handler for
  remote-settings/monitor_changes
  threw error:
  Message: Error: Polling for changes failed: http://%(server)s/dummy/blocklist//buckets/monitor/collections/changes/records?_expected=%221561481775439%22 is not a valid URL..
  Stack:
    remoteSettingsFunction/remoteSettings.pollChanges@resource://services-settings/remote-settings.js:203:13

